#
# There is insufficient memory for the Java Runtime Environment to continue.
# Native memory allocation (mmap) failed to map 130023424 bytes. Error detail: G1 virtual space
# Possible reasons:
#   The system is out of physical RAM or swap space
#   This process is running with CompressedOops enabled, and the Java Heap may be blocking the growth of the native heap
# Possible solutions:
#   Reduce memory load on the system
#   Increase physical memory or swap space
#   Check if swap backing store is full
#   Decrease Java heap size (-Xmx/-Xms)
#   Decrease number of Java threads
#   Decrease Java thread stack sizes (-Xss)
#   Set larger code cache with -XX:ReservedCodeCacheSize=
#   JVM is running with Unscaled Compressed Oops mode in which the Java heap is
#     placed in the first 4GB address space. The Java Heap base address is the
#     maximum limit for the native heap growth. Please use -XX:HeapBaseMinAddress
#     to set the Java Heap base and to place the Java Heap above 4GB virtual address.
# This output file may be truncated or incomplete.
#
#  Out of Memory Error (os_windows.cpp:3564), pid=14936, tid=9328
#
# JRE version:  (24.0.2+12) (build )
# Java VM: Java HotSpot(TM) 64-Bit Server VM (24.0.2+12-54, mixed mode, sharing, tiered, compressed oops, compressed class ptrs, g1 gc, windows-amd64)
# No core dump will be written. Minidumps are not enabled by default on client versions of Windows
#

---------------  S U M M A R Y ------------

Command Line: c:\Users\monty\.vscode\extensions\salesforce.salesforce-vscode-slds-2.0.12\lsp-2.0.12-executable.jar --PORT=62661

Host: 12th Gen Intel(R) Core(TM) i3-1215U, 8 cores, 7G,  Windows 11 , 64 bit Build 26100 (10.0.26100.7309)
Time: Sun Jan  4 19:10:15 2026 South Africa Standard Time elapsed time: 0.065507 seconds (0d 0h 0m 0s)

---------------  T H R E A D  ---------------

Current thread (0x00000205d3cb40d0):  JavaThread "Unknown thread" [_thread_in_vm, id=9328, stack(0x0000007c68d00000,0x0000007c68e00000) (1024K)]

Stack: [0x0000007c68d00000,0x0000007c68e00000]
Native frames: (J=compiled Java code, j=interpreted, Vv=VM code, C=native code)
V  [jvm.dll+0x730829]  (no source info available)
V  [jvm.dll+0x8d9da3]  (no source info available)
V  [jvm.dll+0x8dc28d]  (no source info available)
V  [jvm.dll+0x8dc903]  (no source info available)
V  [jvm.dll+0x2a9f56]  (no source info available)
V  [jvm.dll+0x72cd55]  (no source info available)
V  [jvm.dll+0x72066a]  (no source info available)
V  [jvm.dll+0x390b7a]  (no source info available)
V  [jvm.dll+0x398906]  (no source info available)
V  [jvm.dll+0x3850de]  (no source info available)
V  [jvm.dll+0x385398]  (no source info available)
V  [jvm.dll+0x35d10c]  (no source info available)
V  [jvm.dll+0x35ddcd]  (no source info available)
V  [jvm.dll+0x89d50f]  (no source info available)
V  [jvm.dll+0x3f979d]  (no source info available)
V  [jvm.dll+0x885b66]  (no source info available)
V  [jvm.dll+0x495e7e]  (no source info available)
V  [jvm.dll+0x497c51]  (no source info available)
C  [jli.dll+0x52a1]  (no source info available)
C  [ucrtbase.dll+0x37b0]  (no source info available)
C  [KERNEL32.DLL+0x2e8d7]  (no source info available)
C  [ntdll.dll+0x8c53c]  (no source info available)

Lock stack of current Java thread (top to bottom):


---------------  P R O C E S S  ---------------

Threads class SMR info:
_java_thread_list=0x00007ffc8e6bf318, length=0, elements={
}

Java Threads: ( => current thread )
Total: 0

Other Threads:
  0x00000205d602f690 WorkerThread "GC Thread#0"                     [id=23508, stack(0x0000007c68e00000,0x0000007c68f00000) (1024K)]
  0x00000205d6043c40 ConcurrentGCThread "G1 Main Marker"            [id=21008, stack(0x0000007c68f00000,0x0000007c69000000) (1024K)]
  0x00000205d6044750 WorkerThread "G1 Conc#0"                       [id=1200, stack(0x0000007c69000000,0x0000007c69100000) (1024K)]

[error occurred during error reporting (printing all threads), id 0xc0000005, EXCEPTION_ACCESS_VIOLATION (0xc0000005) at pc=0x00007ffc8ddf138a]
VM state: not at safepoint (not fully initialized)

VM Mutex/Monitor currently owned by a thread:  ([mutex/lock_event])
[0x00007ffc8e7445f0] Heap_lock - owner thread: 0x00000205d3cb40d0

Heap address: 0x0000000084400000, size: 1980 MB, Compressed Oops mode: 32-bit

CDS archive(s) mapped at: [0x0000000000000000-0x0000000000000000-0x0000000000000000), size 0, SharedBaseAddress: 0x0000000800000000, ArchiveRelocationMode: 1.
UseCompressedClassPointers 1, UseCompactObjectHeaders 0
Narrow klass pointer bits 32, Max shift 3
Narrow klass base: 0xffffffffffffffff, Narrow klass shift: -1
Encoding Range: [0xffffffffffffffff - 0x000000007fffffff), (2147483648 bytes)
Klass Range:    [0x0000000000000000 - 0x0000000000000000), (0 bytes)
Klass ID Range:  [4294967295 - 0) (1)

GC Precious Log:
 CardTable entry size: 512
 Card Set container configuration: InlinePtr #cards 5 size 8 Array Of Cards #cards 10 size 36 Howl #buckets 4 coarsen threshold 1843 Howl Bitmap #cards 512 size 80 coarsen threshold 460 Card regions per heap region 1 cards per card region 2048

Heap:
 garbage-first heap   total reserved 2027520K, committed 0K, used 0K [0x0000000084400000, 0x0000000100000000)
  region size 1024K, 0 young (0K), 0 survivors (0K)

[error occurred during error reporting (printing heap information), id 0xc0000005, EXCEPTION_ACCESS_VIOLATION (0xc0000005) at pc=0x00007ffc8e20e679]
GC Heap History (0 events):
No events

Dll operation events (1 events):
Event: 0.052 Loaded shared library C:\Program Files\Java\jdk-24\bin\java.dll

Deoptimization events (0 events):
No events

Classes loaded (0 events):
No events

Classes unloaded (0 events):
No events

Classes redefined (0 events):
No events

Internal exceptions (0 events):
No events

VM Operations (0 events):
No events

Memory protections (0 events):
No events

Nmethod flushes (0 events):
No events

Events (0 events):
No events


Dynamic libraries:
0x00007ff696af0000 - 0x00007ff696b00000 	C:\Program Files\Java\jdk-24\bin\java.exe
0x00007ffd1cda0000 - 0x00007ffd1d007000 	C:\WINDOWS\SYSTEM32\ntdll.dll
0x00007ffd1b8d0000 - 0x00007ffd1b999000 	C:\WINDOWS\System32\KERNEL32.DLL
0x00007ffd1a230000 - 0x00007ffd1a61f000 	C:\WINDOWS\System32\KERNELBASE.dll
0x00007ffd1a0e0000 - 0x00007ffd1a22b000 	C:\WINDOWS\System32\ucrtbase.dll
0x00007ffd0bb80000 - 0x00007ffd0bb9b000 	C:\Program Files\Java\jdk-24\bin\VCRUNTIME140.dll
0x00007ffd074f0000 - 0x00007ffd07506000 	C:\Program Files\Java\jdk-24\bin\jli.dll
0x00007ffd1ba50000 - 0x00007ffd1bc15000 	C:\WINDOWS\System32\USER32.dll
0x00007ffd1a630000 - 0x00007ffd1a657000 	C:\WINDOWS\System32\win32u.dll
0x00007ffd1b8a0000 - 0x00007ffd1b8cb000 	C:\WINDOWS\System32\GDI32.dll
0x00007ffd1a660000 - 0x00007ffd1a78c000 	C:\WINDOWS\System32\gdi32full.dll
0x00007ffd19f80000 - 0x00007ffd1a023000 	C:\WINDOWS\System32\msvcp_win.dll
0x00007ffcfaa50000 - 0x00007ffcface3000 	C:\WINDOWS\WinSxS\amd64_microsoft.windows.common-controls_6595b64144ccf1df_6.0.26100.7309_none_3e05feeae336a044\COMCTL32.dll
0x00007ffd1b7f0000 - 0x00007ffd1b899000 	C:\WINDOWS\System32\msvcrt.dll
0x00007ffd1b9a0000 - 0x00007ffd1b9d1000 	C:\WINDOWS\System32\IMM32.DLL
0x00007ffd169d0000 - 0x00007ffd169dc000 	C:\Program Files\Java\jdk-24\bin\vcruntime140_1.dll
0x00007ffd02650000 - 0x00007ffd026de000 	C:\Program Files\Java\jdk-24\bin\msvcp140.dll
0x00007ffc8da80000 - 0x00007ffc8e821000 	C:\Program Files\Java\jdk-24\bin\server\jvm.dll
0x00007ffd1cc90000 - 0x00007ffd1cd44000 	C:\WINDOWS\System32\ADVAPI32.dll
0x00007ffd1ad40000 - 0x00007ffd1ade6000 	C:\WINDOWS\System32\sechost.dll
0x00007ffd1bc20000 - 0x00007ffd1bd38000 	C:\WINDOWS\System32\RPCRT4.dll
0x00007ffd1adf0000 - 0x00007ffd1ae64000 	C:\WINDOWS\System32\WS2_32.dll
0x00007ffd19d50000 - 0x00007ffd19dae000 	C:\WINDOWS\SYSTEM32\POWRPROF.dll
0x00007ffd12130000 - 0x00007ffd12165000 	C:\WINDOWS\SYSTEM32\WINMM.dll
0x00007ffd06210000 - 0x00007ffd0621b000 	C:\WINDOWS\SYSTEM32\VERSION.dll
0x00007ffd19d30000 - 0x00007ffd19d44000 	C:\WINDOWS\SYSTEM32\UMPDC.dll
0x00007ffd18c80000 - 0x00007ffd18c9b000 	C:\WINDOWS\SYSTEM32\kernel.appcore.dll
0x00007ffd169c0000 - 0x00007ffd169ca000 	C:\Program Files\Java\jdk-24\bin\jimage.dll
0x00007ffd17330000 - 0x00007ffd17572000 	C:\WINDOWS\SYSTEM32\DBGHELP.DLL
0x00007ffd1b340000 - 0x00007ffd1b6c5000 	C:\WINDOWS\System32\combase.dll
0x00007ffd1ae70000 - 0x00007ffd1af46000 	C:\WINDOWS\System32\OLEAUT32.dll
0x00007ffcf4480000 - 0x00007ffcf44bc000 	C:\WINDOWS\SYSTEM32\dbgcore.DLL
0x00007ffd1a030000 - 0x00007ffd1a0d5000 	C:\WINDOWS\System32\bcryptPrimitives.dll
0x00007ffd07020000 - 0x00007ffd0703e000 	C:\Program Files\Java\jdk-24\bin\java.dll
0x00007ffd1b050000 - 0x00007ffd1b1e7000 	C:\WINDOWS\System32\ole32.dll
0x00007ffd1bf80000 - 0x00007ffd1c6d3000 	C:\WINDOWS\System32\SHELL32.dll
0x00007ffd1a790000 - 0x00007ffd1a8fa000 	C:\WINDOWS\System32\wintypes.dll

JVMTI agents: none

dbghelp: loaded successfully - version: 4.0.5 - missing functions: none
symbol engine: initialized successfully - sym options: 0x614 - pdb path: .;C:\Program Files\Java\jdk-24\bin;C:\WINDOWS\SYSTEM32;C:\WINDOWS\WinSxS\amd64_microsoft.windows.common-controls_6595b64144ccf1df_6.0.26100.7309_none_3e05feeae336a044;C:\Program Files\Java\jdk-24\bin\server

VM Arguments:
java_command: c:\Users\monty\.vscode\extensions\salesforce.salesforce-vscode-slds-2.0.12\lsp-2.0.12-executable.jar --PORT=62661
java_class_path (initial): c:\Users\monty\.vscode\extensions\salesforce.salesforce-vscode-slds-2.0.12\lsp-2.0.12-executable.jar
Launcher Type: SUN_STANDARD

[Global flags]
     intx CICompilerCount                          = 4                                         {product} {ergonomic}
     uint ConcGCThreads                            = 2                                         {product} {ergonomic}
     uint G1ConcRefinementThreads                  = 8                                         {product} {ergonomic}
   size_t G1HeapRegionSize                         = 1048576                                   {product} {ergonomic}
   size_t InitialHeapSize                          = 130023424                                 {product} {ergonomic}
   size_t MarkStackSize                            = 4194304                                   {product} {ergonomic}
   size_t MarkStackSizeMax                         = 536870912                                 {product} {ergonomic}
   size_t MaxHeapSize                              = 2076180480                                {product} {ergonomic}
   size_t MinHeapDeltaBytes                        = 1048576                                   {product} {ergonomic}
   size_t MinHeapSize                              = 8388608                                   {product} {ergonomic}
    uintx NonNMethodCodeHeapSize                   = 5832704                                {pd product} {ergonomic}
    uintx NonProfiledCodeHeapSize                  = 122945536                              {pd product} {ergonomic}
    uintx ProfiledCodeHeapSize                     = 122880000                              {pd product} {ergonomic}
    uintx ReservedCodeCacheSize                    = 251658240                              {pd product} {ergonomic}
     bool SegmentedCodeCache                       = true                                      {product} {ergonomic}
   size_t SoftMaxHeapSize                          = 2076180480                             {manageable} {ergonomic}
     bool UseCompressedOops                        = true                           {product lp64_product} {ergonomic}
     bool UseG1GC                                  = true                                      {product} {ergonomic}
     bool UseLargePagesIndividualAllocation        = false                                  {pd product} {ergonomic}

Logging:
Log output configuration:
 #0: stdout all=warning uptime,level,tags foldmultilines=false
 #1: stderr all=off uptime,level,tags foldmultilines=false

Environment Variables:
PATH=C:\Python313\Scripts\;C:\Python313\;C:\Program Files\Common Files\Oracle\Java\javapath;C:\WINDOWS\system32;C:\WINDOWS;C:\WINDOWS\System32\Wbem;C:\WINDOWS\System32\WindowsPowerShell\v1.0\;C:\WINDOWS\System32\OpenSSH\;C:\Program Files\nodejs\;C:\ProgramData\chocolatey\bin;C:\Program Files\Git\cmd;C:\Program Files\dotnet\;C:\Users\monty\AppData\Local\Microsoft\WindowsApps;C:\Users\monty\AppData\Local\Programs\Microsoft VS Code\bin;C:\Users\monty\AppData\Local\GitHubDesktop\bin;C:\Program Files\sf\bin;C:\Users\monty\AppData\Roaming\npm
USERNAME=monty
OS=Windows_NT
PROCESSOR_IDENTIFIER=Intel64 Family 6 Model 154 Stepping 4, GenuineIntel
TMP=C:\Users\monty\AppData\Local\Temp
TEMP=C:\Users\monty\AppData\Local\Temp




Periodic native trim disabled

---------------  S Y S T E M  ---------------

OS:
 Windows 11 , 64 bit Build 26100 (10.0.26100.7309)
OS uptime: 11 days 0:01 hours
Hyper-V role detected

CPU: total 8 (initial active 8) (4 cores per cpu, 2 threads per core) family 6 model 154 stepping 4 microcode 0x432, cx8, cmov, fxsr, ht, mmx, 3dnowpref, sse, sse2, sse3, ssse3, sse4.1, sse4.2, popcnt, lzcnt, tsc, tscinvbit, avx, avx2, aes, erms, clmul, bmi1, bmi2, adx, sha, fma, vzeroupper, clflush, clflushopt, clwb, hv, serialize, rdtscp, rdpid, fsrm, gfni, f16c, cet_ibt, cet_ss
Processor Information for processor 0
  Max Mhz: 1200, Current Mhz: 1200, Mhz Limit: 1200
Processor Information for processor 1
  Max Mhz: 1200, Current Mhz: 1200, Mhz Limit: 1200
Processor Information for processor 2
  Max Mhz: 1200, Current Mhz: 1200, Mhz Limit: 1200
Processor Information for processor 3
  Max Mhz: 1200, Current Mhz: 1200, Mhz Limit: 1200
Processor Information for processor 4
  Max Mhz: 900, Current Mhz: 900, Mhz Limit: 900
Processor Information for processor 5
  Max Mhz: 900, Current Mhz: 900, Mhz Limit: 900
Processor Information for processor 6
  Max Mhz: 900, Current Mhz: 900, Mhz Limit: 900
Processor Information for processor 7
  Max Mhz: 900, Current Mhz: 900, Mhz Limit: 900

Memory: 4k page, system-wide physical 7916M (287M free)
TotalPageFile size 32491M (AvailPageFile size 110M)
current process WorkingSet (physical memory assigned to process): 13M, peak: 13M
current process commit charge ("private bytes"): 60M, peak: 184M

vm_info: Java HotSpot(TM) 64-Bit Server VM (24.0.2+12-54) for windows-amd64 JRE (24.0.2+12-54), built on 2025-07-08T12:10:27Z with MS VC++ 17.6 (VS2022)

END.
